<?xml version="1.0" encoding="UTF-8"?>
<!-- Generated by org.testng.reporters.JUnitReportReporter -->
<testsuite hostname="Chandrahasa" failures="0" tests="1" name="com.ibm.trestproject.servicenow.tests.ServiceNow" time="20.083" errors="0" timestamp="2023-02-26T13:30:07 IST" skipped="0">
  <testcase classname="com.ibm.trestproject.servicenow.tests.ServiceNow" name="testServiceNowLoginPositive" time="20.083"/>
  <system-out/>
</testsuite> <!-- com.ibm.trestproject.servicenow.tests.ServiceNow -->
