<?xml version="1.0" encoding="UTF-8"?>
<!-- Generated by org.testng.reporters.JUnitReportReporter -->
<testsuite hostname="Chandrahasa" failures="0" tests="1" name="com.ibm.testproject.saucedemo.Saucedemo" time="15.255" errors="0" timestamp="2023-02-25T21:16:35 IST" skipped="0">
  <testcase classname="com.ibm.testproject.saucedemo.Saucedemo" name="testSauceLab" time="15.255"/>
  <system-out/>
</testsuite> <!-- com.ibm.testproject.saucedemo.Saucedemo -->
