<?xml version="1.0" encoding="UTF-8"?>
<!-- Generated by org.testng.reporters.JUnitReportReporter -->
<testsuite hostname="Chandrahasa" failures="0" tests="2" name="com.ibm.testproject.servicenow.tests.ServiceNow" time="31.644" errors="0" timestamp="2023-02-26T14:23:52 IST" skipped="0">
  <testcase classname="com.ibm.testproject.servicenow.tests.ServiceNow" name="testServiceNowLoginNegative" time="12.405"/>
  <system-out/>
  <testcase classname="com.ibm.testproject.servicenow.tests.ServiceNow" name="testServiceNowLoginPositive" time="19.239"/>
  <system-out/>
</testsuite> <!-- com.ibm.testproject.servicenow.tests.ServiceNow -->
