<?xml version="1.0" encoding="UTF-8"?>
<!-- Generated by org.testng.reporters.JUnitReportReporter -->
<testsuite hostname="Chandrahasa" failures="0" tests="1" name="com.ibm.testproject.saucedemo.tests.Saucedemo" time="15.357" errors="0" timestamp="2023-02-26T14:23:52 IST" skipped="0">
  <testcase classname="com.ibm.testproject.saucedemo.tests.Saucedemo" name="testSauceLab" time="15.357"/>
  <system-out/>
</testsuite> <!-- com.ibm.testproject.saucedemo.tests.Saucedemo -->
